<?xml version="1.0" encoding="UTF-8"?>
<testsuite name="org.bahmni.batch.form.FormListProcessorTest" tests="1" skipped="0" failures="0" errors="0" timestamp="2017-03-23T15:10:47" hostname="INarjunk" time="0.02">
  <properties/>
  <testcase name="shouldRetrieveAllForms" classname="org.bahmni.batch.form.FormListProcessorTest" time="0.02"/>
  <system-out><![CDATA[]]></system-out>
  <system-err><![CDATA[]]></system-err>
</testsuite>
