<?xml version="1.0" encoding="UTF-8"?>
<testsuite name="org.bahmni.batch.BatchUtilsTest" tests="3" skipped="0" failures="0" errors="0" timestamp="2017-03-23T15:10:47" hostname="INarjunk" time="0.007">
  <properties/>
  <testcase name="ensureThatSetIsNotNullWhenConceptNamesIsEmpty" classname="org.bahmni.batch.BatchUtilsTest" time="0.005"/>
  <testcase name="ensureThatSetIsNotNullWhenConceptNamesIsNull" classname="org.bahmni.batch.BatchUtilsTest" time="0.0"/>
  <testcase name="ensureThatTheCommaSeparatedConceptNamesAreConvertedToSet" classname="org.bahmni.batch.BatchUtilsTest" time="0.001"/>
  <system-out><![CDATA[]]></system-out>
  <system-err><![CDATA[]]></system-err>
</testsuite>
