<?xml version="1.0" encoding="UTF-8"?>
<testsuite name="org.bahmni.batch.helper.FreeMarkerEvaluatorTest" tests="3" skipped="3" failures="0" errors="0" timestamp="2017-03-23T15:10:47" hostname="INarjunk" time="0.002">
  <properties/>
  <testcase name="ensureParentWithDepth2IsConstructed" classname="org.bahmni.batch.helper.FreeMarkerEvaluatorTest" time="0.0">
    <skipped/>
  </testcase>
  <testcase name="ensureParentWithDepth1IsConstructed" classname="org.bahmni.batch.helper.FreeMarkerEvaluatorTest" time="0.0">
    <skipped/>
  </testcase>
  <testcase name="ensureSqlQueryDoesNotIncludeParentInTopLevelForms" classname="org.bahmni.batch.helper.FreeMarkerEvaluatorTest" time="0.0">
    <skipped/>
  </testcase>
  <system-out><![CDATA[20:40:47.811 [Test worker] DEBUG org.springframework.test.context.junit4.SpringJUnit4ClassRunner - SpringJUnit4ClassRunner constructor called with [class org.bahmni.batch.helper.FreeMarkerEvaluatorTest]
20:40:47.821 [Test worker] DEBUG org.springframework.test.context.BootstrapUtils - Instantiating CacheAwareContextLoaderDelegate from class [org.springframework.test.context.cache.DefaultCacheAwareContextLoaderDelegate]
20:40:47.825 [Test worker] DEBUG org.springframework.test.context.BootstrapUtils - Instantiating BootstrapContext using constructor [public org.springframework.test.context.support.DefaultBootstrapContext(java.lang.Class,org.springframework.test.context.CacheAwareContextLoaderDelegate)]
20:40:47.850 [Test worker] DEBUG org.springframework.test.context.BootstrapUtils - Instantiating TestContextBootstrapper for test class [org.bahmni.batch.helper.FreeMarkerEvaluatorTest] from class [org.springframework.test.context.support.DefaultTestContextBootstrapper]
20:40:47.897 [Test worker] DEBUG org.springframework.test.context.support.DefaultTestContextBootstrapper - Found explicit ContextLoader class [org.springframework.boot.test.SpringApplicationContextLoader] for context configuration attributes [ContextConfigurationAttributes@4489140e declaringClass = 'org.bahmni.batch.helper.FreeMarkerEvaluatorTest', classes = '{class org.bahmni.batch.Application}', locations = '{}', inheritLocations = true, initializers = '{}', inheritInitializers = true, name = [null], contextLoaderClass = 'org.springframework.boot.test.SpringApplicationContextLoader']
20:40:47.914 [Test worker] DEBUG org.springframework.test.context.support.AbstractContextLoader - Did not detect default resource location for test class [org.bahmni.batch.helper.FreeMarkerEvaluatorTest]: class path resource [org/bahmni/batch/helper/FreeMarkerEvaluatorTest-context.xml] does not exist
20:40:47.916 [Test worker] DEBUG org.springframework.test.context.support.AbstractContextLoader - Did not detect default resource location for test class [org.bahmni.batch.helper.FreeMarkerEvaluatorTest]: class path resource [org/bahmni/batch/helper/FreeMarkerEvaluatorTestContext.groovy] does not exist
20:40:47.918 [Test worker] INFO org.springframework.test.context.support.AbstractContextLoader - Could not detect default resource locations for test class [org.bahmni.batch.helper.FreeMarkerEvaluatorTest]: no resource found for suffixes {-context.xml, Context.groovy}.
20:40:47.923 [Test worker] DEBUG org.springframework.test.context.support.ActiveProfilesUtils - Could not find an 'annotation declaring class' for annotation type [org.springframework.test.context.ActiveProfiles] and class [org.bahmni.batch.helper.FreeMarkerEvaluatorTest]
20:40:47.940 [Test worker] DEBUG org.springframework.test.context.support.DefaultTestContextBootstrapper - @TestExecutionListeners is not present for class [org.bahmni.batch.helper.FreeMarkerEvaluatorTest]: using defaults.
20:40:47.945 [Test worker] INFO org.springframework.test.context.support.DefaultTestContextBootstrapper - Loaded default TestExecutionListener class names from location [META-INF/spring.factories]: [org.springframework.test.context.web.ServletTestExecutionListener, org.springframework.test.context.support.DirtiesContextBeforeModesTestExecutionListener, org.springframework.test.context.support.DependencyInjectionTestExecutionListener, org.springframework.test.context.support.DirtiesContextTestExecutionListener, org.springframework.test.context.transaction.TransactionalTestExecutionListener, org.springframework.test.context.jdbc.SqlScriptsTestExecutionListener]
20:40:47.973 [Test worker] INFO org.springframework.test.context.support.DefaultTestContextBootstrapper - Could not instantiate TestExecutionListener [org.springframework.test.context.web.ServletTestExecutionListener]. Specify custom listener classes or make the default listener classes (and their required dependencies) available. Offending class: [javax/servlet/ServletContext]
20:40:47.973 [Test worker] INFO org.springframework.test.context.support.DefaultTestContextBootstrapper - Using TestExecutionListeners: [org.springframework.test.context.support.DirtiesContextBeforeModesTestExecutionListener@62b08658, org.springframework.test.context.support.DependencyInjectionTestExecutionListener@33442e06, org.springframework.test.context.support.DirtiesContextTestExecutionListener@4129a635, org.springframework.test.context.transaction.TransactionalTestExecutionListener@155f02ff, org.springframework.test.context.jdbc.SqlScriptsTestExecutionListener@10bdbe4f]
20:40:47.976 [Test worker] DEBUG org.springframework.test.annotation.ProfileValueUtils - Retrieved @ProfileValueSourceConfiguration [null] for test class [org.bahmni.batch.helper.FreeMarkerEvaluatorTest]
20:40:47.977 [Test worker] DEBUG org.springframework.test.annotation.ProfileValueUtils - Retrieved ProfileValueSource type [class org.springframework.test.annotation.SystemProfileValueSource] for class [org.bahmni.batch.helper.FreeMarkerEvaluatorTest]
]]></system-out>
  <system-err><![CDATA[]]></system-err>
</testsuite>
