<?xml version="1.0" encoding="UTF-8"?>
<testsuite name="org.bahmni.batch.form.FormFieldTransformerTest" tests="1" skipped="0" failures="0" errors="0" timestamp="2017-03-23T15:10:47" hostname="INarjunk" time="0.001">
  <properties/>
  <testcase name="shouldTransformFormFieldsToIds" classname="org.bahmni.batch.form.FormFieldTransformerTest" time="0.001"/>
  <system-out><![CDATA[]]></system-out>
  <system-err><![CDATA[]]></system-err>
</testsuite>
