<?xml version="1.0" encoding="UTF-8"?>
<testsuite name="org.bahmni.batch.form.ObsFieldExtractorTest" tests="2" skipped="0" failures="0" errors="0" timestamp="2017-03-23T15:10:47" hostname="INarjunk" time="0.013">
  <properties/>
  <testcase name="ensureThatSplCharsAreHandledInCSVInTheObsValue" classname="org.bahmni.batch.form.ObsFieldExtractorTest" time="0.012"/>
  <testcase name="shouldExtractObsListToObjectArray" classname="org.bahmni.batch.form.ObsFieldExtractorTest" time="0.001"/>
  <system-out><![CDATA[]]></system-out>
  <system-err><![CDATA[]]></system-err>
</testsuite>
