<?xml version="1.0" encoding="UTF-8"?>
<testsuite name="org.bahmni.batch.form.ObservationProcessorTest" tests="2" skipped="0" failures="0" errors="0" timestamp="2017-03-23T15:10:47" hostname="INarjunk" time="0.235">
  <properties/>
  <testcase name="shouldRetrieveAllChildObsIds" classname="org.bahmni.batch.form.ObservationProcessorTest" time="0.079"/>
  <testcase name="shouldReturnObsListOfAllLeafObs" classname="org.bahmni.batch.form.ObservationProcessorTest" time="0.156"/>
  <system-out><![CDATA[]]></system-out>
  <system-err><![CDATA[]]></system-err>
</testsuite>
