<?xml version="1.0" encoding="UTF-8"?>
<testsuite name="org.bahmni.batch.form.BahmniFormFactoryTest" tests="1" skipped="0" failures="0" errors="0" timestamp="2017-03-23T15:10:47" hostname="INarjunk" time="0.254">
  <properties/>
  <testcase name="createBahmniForm" classname="org.bahmni.batch.form.BahmniFormFactoryTest" time="0.254"/>
  <system-out><![CDATA[]]></system-out>
  <system-err><![CDATA[]]></system-err>
</testsuite>
